<?xml version="1.0" encoding="UTF-8"?>
<!-- Generated by org.testng.reporters.JUnitReportReporter -->
<testsuite hostname="DESKTOP-TA655VC" failures="0" tests="4" name="com.selenium.TestNG.MultipleTestNG" time="0.035" errors="0" timestamp="2023-08-16T07:48:34 IST" skipped="0">
  <testcase classname="com.selenium.TestNG.MultipleTestNG" name="sub" time="0.007"/>
  <testcase classname="com.selenium.TestNG.MultipleTestNG" name="add" time="0.019"/>
  <testcase classname="com.selenium.TestNG.MultipleTestNG" name="mul" time="0.005"/>
  <testcase classname="com.selenium.TestNG.MultipleTestNG" name="div" time="0.004"/>
</testsuite> <!-- com.selenium.TestNG.MultipleTestNG -->
