<?xml version="1.0" encoding="UTF-8"?>
<!-- Generated by org.testng.reporters.JUnitReportReporter -->
<testsuite hostname="DESKTOP-TA655VC" failures="0" tests="1" name="com.selenium.TestNG.SampleTestNG" time="0.002" errors="0" timestamp="2023-08-10T08:01:54 IST" skipped="0">
  <testcase classname="com.selenium.TestNG.SampleTestNG" name="sampleTest" time="0.002"/>
</testsuite> <!-- com.selenium.TestNG.SampleTestNG -->
