<?xml version="1.0" encoding="UTF-8"?>
<!-- Generated by org.testng.reporters.JUnitReportReporter -->
<testsuite hostname="DESKTOP-TA655VC" failures="0" tests="1" name="com.selenium.TestNG.ParameterizationTest" time="0.034" errors="0" timestamp="2023-08-11T08:06:37 IST" skipped="0">
  <testcase classname="com.selenium.TestNG.ParameterizationTest" name="parameters" time="0.034"/>
</testsuite> <!-- com.selenium.TestNG.ParameterizationTest -->
