<?xml version="1.0" encoding="UTF-8"?>
<!-- Generated by org.testng.reporters.JUnitReportReporter -->
<testsuite hostname="DESKTOP-TA655VC" failures="0" tests="2" name="com.selenium.TestNG.AnnotationsTest2" time="0.020" errors="0" timestamp="2023-08-10T08:08:29 IST" skipped="0">
  <testcase classname="com.selenium.TestNG.AnnotationsTest2" name="test3" time="0.004"/>
  <testcase classname="com.selenium.TestNG.AnnotationsTest2" name="test4" time="0.016"/>
</testsuite> <!-- com.selenium.TestNG.AnnotationsTest2 -->
