<?xml version="1.0" encoding="UTF-8"?>
<!-- Generated by org.testng.reporters.JUnitReportReporter -->
<testsuite hostname="DESKTOP-TA655VC" failures="0" tests="1" name="com.selenium.TestNG.EmpCreationTest" time="3.251" errors="0" timestamp="2023-08-10T08:21:47 IST" skipped="0">
  <testcase classname="com.selenium.TestNG.EmpCreationTest" name="empCreation" time="3.251"/>
</testsuite> <!-- com.selenium.TestNG.EmpCreationTest -->
