<?xml version="1.0" encoding="UTF-8"?>
<!-- Generated by org.testng.reporters.JUnitReportReporter -->
<testsuite hostname="DESKTOP-TA655VC" failures="0" tests="2" name="com.selenium.TestNG.AnnotationsTest1" time="0.052" errors="0" timestamp="2023-08-10T08:08:29 IST" skipped="0">
  <testcase classname="com.selenium.TestNG.AnnotationsTest1" name="test2" time="0.031"/>
  <testcase classname="com.selenium.TestNG.AnnotationsTest1" name="test1" time="0.021"/>
</testsuite> <!-- com.selenium.TestNG.AnnotationsTest1 -->
